RECORD=-42|LINENO=   0|OWNERPARTID= -42|OWNERINDEX= -42|HEADER=Protel for Windows - Schematic Capture Binary File Version 5.0|MINORVERSION=2|UNIQUEID=ETNWVISL|WEIGHT=256|
RECORD=31|LINENO=   1|OWNERPARTID= -42|OWNERINDEX= -42|AREACOLOR=16777215|BOLD5=T|BORDERON=T|CUSTOMMARGINWIDTH=20|CUSTOMX=1700|CUSTOMXZONES=6|CUSTOMY=1100|CUSTOMYZONES=4|DISPLAY_UNIT=0|FONTIDCOUNT=7|FONTNAME1=Times New Roman|FONTNAME2=Arial|FONTNAME3=Arial|FONTNAME4=Arial|FONTNAME5=Times New Roman|FONTNAME6=Arial|FONTNAME7=Arial|HOTSPOTGRIDON=T|HOTSPOTGRIDSIZE=4|ISBOC=T|SHEETNUMBERSPACESIZE=12|SHEETSTYLE=6|SHOWTEMPLATEGRAPHICS=T|SIZE1=10|SIZE2=10|SIZE3=9|SIZE4=8|SIZE5=28|SIZE6=16|SIZE7=12|SNAPGRIDON=T|SNAPGRIDSIZE=10|SYSTEMFONT=3|TEMPLATEFILENAME=C:\NSCUtils\Altium\Templates\AD17\TI_ANSI-B.SchDot|USECUSTOMSHEET=T|USEMBCS=T|VISIBLEGRIDON=T|VISIBLEGRIDSIZE=10|
RECORD=39|LINENO=   2|OWNERPARTID=   0|OWNERINDEX= -42|FILENAME=C:\NSCUtils\Altium\Templates\AD17\TI_ANSI-B.SchDot|
RECORD= 4|LINENO=   3|OWNERPARTID=   0|OWNERINDEX=   2|FONTID=2|LOCATION.X=1530|LOCATION.Y=40|TEXT==sheetnumber|
RECORD= 4|LINENO=   4|OWNERPARTID=   0|OWNERINDEX=   2|FONTID=2|LOCATION.X=1555|LOCATION.Y=40|TEXT==SheetTotal|
RECORD= 4|LINENO=   5|OWNERPARTID=   0|OWNERINDEX=   2|FONTID=2|LOCATION.X=1361|LOCATION.Y=50|TEXT==title|
RECORD= 4|LINENO=   6|OWNERPARTID=   0|OWNERINDEX=   2|FONTID=2|LOCATION.X=1520|LOCATION.Y=70|TEXT==ModifiedDate|
RECORD= 4|LINENO=   7|OWNERPARTID=   0|OWNERINDEX=   2|FONTID=2|LOCATION.X=1332|LOCATION.Y=30|TEXT==DocumentName|
RECORD= 6|LINENO=   8|OWNERPARTID=   0|OWNERINDEX=   2|LOCATIONCOUNT=2|X1=1310|X2=1570|Y1=50|Y2=50|
RECORD= 6|LINENO=   9|OWNERPARTID=   0|OWNERINDEX=   2|LOCATIONCOUNT=2|X1=1680|X2=1310|Y1=30|Y2=30|
RECORD= 4|LINENO=  10|OWNERPARTID=   0|OWNERINDEX=   2|FONTID=2|LOCATION.X=1313|LOCATION.Y=50|TEXT=Sheet Title:|
RECORD= 4|LINENO=  11|OWNERPARTID=   0|OWNERINDEX=   2|FONTID=2|LOCATION.X=1523|LOCATION.Y=30|TEXT=Size:|
RECORD= 4|LINENO=  12|OWNERPARTID=   0|OWNERINDEX=   2|FONTID=2|LOCATION.X=1472|LOCATION.Y=70|TEXT=Mod. Date:|
RECORD= 4|LINENO=  13|OWNERPARTID=   0|OWNERINDEX=   2|FONTID=2|LOCATION.X=1313|LOCATION.Y=30|TEXT=File:|
RECORD= 4|LINENO=  14|OWNERPARTID=   0|OWNERINDEX=   2|FONTID=2|LOCATION.X=1503|LOCATION.Y=40|TEXT=Sheet:|
RECORD= 4|LINENO=  15|OWNERPARTID=   0|OWNERINDEX=   2|FONTID=2|LOCATION.X=1542|LOCATION.Y=40|TEXT=of|
RECORD= 4|LINENO=  16|OWNERPARTID=   0|OWNERINDEX=   2|FONTID=2|LOCATION.X=1545|LOCATION.Y=30|TEXT=B|
RECORD= 6|LINENO=  17|OWNERPARTID=   0|OWNERINDEX=   2|LOCATIONCOUNT=2|X1=1310|X2=1570|Y1=50|Y2=50|
RECORD= 6|LINENO=  18|OWNERPARTID=   0|OWNERINDEX=   2|LOCATIONCOUNT=2|X1=410|X2=1160|Y1=50|Y2=50|
RECORD= 6|LINENO=  19|OWNERPARTID=   0|OWNERINDEX=   2|LOCATIONCOUNT=2|X1=1570|X2=1310|Y1=40|Y2=40|
RECORD= 4|LINENO=  20|OWNERPARTID=   0|OWNERINDEX=   2|FONTID=2|LOCATION.X=1590|LOCATION.Y=30|TEXT=http://www.ti.com|
RECORD= 4|LINENO=  21|OWNERPARTID=   0|OWNERINDEX=   2|FONTID=2|LOCATION.X=1313|LOCATION.Y=20|TEXT=Contact:|
RECORD= 4|LINENO=  22|OWNERPARTID=   0|OWNERINDEX=   2|FONTID=2|LOCATION.X=1350|LOCATION.Y=20|TEXT==TechSupport|
RECORD= 6|LINENO=  23|OWNERPARTID=   0|OWNERINDEX=   2|LOCATIONCOUNT=2|X1=1470|X2=1470|Y1=80|Y2=70|
RECORD= 6|LINENO=  24|OWNERPARTID=   0|OWNERINDEX=   2|LOCATIONCOUNT=2|X1=1310|X2=1570|Y1=60|Y2=60|
RECORD= 4|LINENO=  25|OWNERPARTID=   0|OWNERINDEX=   2|FONTID=2|LOCATION.X=1365|LOCATION.Y=60|TEXT==PRJ_Title|
RECORD= 4|LINENO=  26|OWNERPARTID=   0|OWNERINDEX=   2|FONTID=2|LOCATION.X=1313|LOCATION.Y=60|TEXT=Project Title:|
RECORD= 6|LINENO=  27|OWNERPARTID=   0|OWNERINDEX=   2|LOCATIONCOUNT=3|X1=1310|X2=1310|X3=1680|Y1=20|Y2=80|Y3=80|
RECORD= 4|LINENO=  28|OWNERPARTID=   0|OWNERINDEX=   2|FONTID=2|LOCATION.X=1313|LOCATION.Y=70|TEXT=Designed for:|
RECORD= 4|LINENO=  29|OWNERPARTID=   0|OWNERINDEX=   2|FONTID=2|LOCATION.X=1368|LOCATION.Y=70|TEXT==PRJ_Customer|
RECORD= 6|LINENO=  30|OWNERPARTID=   0|OWNERINDEX=   2|LOCATIONCOUNT=2|X1=1500|X2=1500|Y1=50|Y2=40|
RECORD= 4|LINENO=  31|OWNERPARTID=   0|OWNERINDEX=   2|FONTID=2|LOCATION.X=1313|LOCATION.Y=40|TEXT=Assembly Variant:|
RECORD= 4|LINENO=  32|OWNERPARTID=   0|OWNERINDEX=   2|FONTID=2|LOCATION.X=1387|LOCATION.Y=40|TEXT==variantName|
RECORD= 4|LINENO=  33|OWNERPARTID=   0|OWNERINDEX=   2|%UTF8%TEXT=Â© Texas Instruments|FONTID=4|LOCATION.X=1580|LOCATION.Y=20|TEXT=© Texas Instruments|
RECORD= 4|LINENO=  34|OWNERPARTID=   0|OWNERINDEX=   2|FONTID=4|LOCATION.X=1650|LOCATION.Y=20|TEXT==CopyrightYear|
RECORD= 4|LINENO=  35|OWNERPARTID=   0|OWNERINDEX=   2|FONTID=2|LOCATION.X=1163|LOCATION.Y=30|TEXT=Drawn By:|
RECORD= 4|LINENO=  36|OWNERPARTID=   0|OWNERINDEX=   2|FONTID=2|LOCATION.X=1163|LOCATION.Y=20|TEXT=Engineer:|
RECORD= 4|LINENO=  37|OWNERPARTID=   0|OWNERINDEX=   2|FONTID=2|LOCATION.X=1205|LOCATION.Y=30|TEXT==DrawnBy|
RECORD= 4|LINENO=  38|OWNERPARTID=   0|OWNERINDEX=   2|FONTID=2|LOCATION.X=1205|LOCATION.Y=20|TEXT==PRJ_Engineer|
RECORD=30|LINENO=  39|OWNERPARTID=   0|OWNERINDEX=   2|CORNER.X=1679|CORNER.X_FRAC=99999|CORNER.Y=78|CORNER.Y_FRAC=58511|EMBEDIMAGE=T|FILENAME=C:\Documents and Settings\codlsc\My Documents\TI\Logo\ti_stk_1c_pos_rgb_jpg.jpg|KEEPASPECT=T|LOCATION.X=1570|LOCATION.Y=40|
RECORD= 6|LINENO=  40|OWNERPARTID=   0|OWNERINDEX=   2|LOCATIONCOUNT=2|X1=1570|X2=1570|Y1=30|Y2=80|
RECORD=28|LINENO=  41|OWNERPARTID=   0|OWNERINDEX=   2|ALIGNMENT=1|AREACOLOR=16777215|CLIPTORECT=T|CORNER.X=1155|CORNER.Y=50|FONTID=2|LOCATION.X=415|LOCATION.Y=20|TEXT=Texas Instruments and/or its licensors do not warrant the accuracy or completeness of this specification or any information contained therein. Texas Instruments and/or its licensors do not warrant that this design will meet the specifications, will be suitable for your application or fit for any particular purpose, or will operate in an implementation. Texas Instruments and/or its licensors do not warrant that the design is production worthy. You should completely validate and test your design implementation to confirm the system functionality for your application.|TEXTMARGIN_FRAC=5|WORDWRAP=T|
RECORD= 6|LINENO=  42|OWNERPARTID=   0|OWNERINDEX=   2|LOCATIONCOUNT=2|X1=1160|X2=1160|Y1=20|Y2=80|
RECORD= 6|LINENO=  43|OWNERPARTID=   0|OWNERINDEX=   2|LOCATIONCOUNT=2|X1=1160|X2=1310|Y1=30|Y2=30|
RECORD= 6|LINENO=  44|OWNERPARTID=   0|OWNERINDEX=   2|LOCATIONCOUNT=2|X1=1310|X2=1160|Y1=40|Y2=40|
RECORD= 6|LINENO=  45|OWNERPARTID=   0|OWNERINDEX=   2|LOCATIONCOUNT=2|X1=1520|X2=1520|Y1=40|Y2=30|
RECORD= 6|LINENO=  46|OWNERPARTID=   0|OWNERINDEX=   2|LOCATIONCOUNT=2|X1=1310|X2=1570|Y1=70|Y2=70|
RECORD= 6|LINENO=  47|OWNERPARTID=   0|OWNERINDEX=   2|LOCATIONCOUNT=2|X1=1160|X2=1310|Y1=50|Y2=50|
RECORD= 6|LINENO=  48|OWNERPARTID=   0|OWNERINDEX=   2|LOCATIONCOUNT=2|X1=410|X2=410|Y1=50|Y2=20|
RECORD= 4|LINENO=  49|OWNERPARTID=   0|OWNERINDEX=   2|FONTID=2|LOCATION.X=1210|LOCATION.Y=40|TEXT==VersionControl_RevNumber|
RECORD= 4|LINENO=  50|OWNERPARTID=   0|OWNERINDEX=   2|FONTID=2|LOCATION.X=1163|LOCATION.Y=40|TEXT=SVN Rev:|
RECORD= 4|LINENO=  51|OWNERPARTID=   0|OWNERINDEX=   2|FONTID=2|LOCATION.X=1200|LOCATION.Y=50|TEXT==PRJ_Number|
RECORD= 4|LINENO=  52|OWNERPARTID=   0|OWNERINDEX=   2|FONTID=2|LOCATION.X=1163|LOCATION.Y=50|TEXT=Number:|
RECORD= 6|LINENO=  53|OWNERPARTID=   0|OWNERINDEX=   2|LOCATIONCOUNT=2|X1=1160|X2=1310|Y1=60|Y2=60|
RECORD= 4|LINENO=  54|OWNERPARTID=   0|OWNERINDEX=   2|FONTID=2|LOCATION.X=1263|LOCATION.Y=50|TEXT=Rev:|
RECORD= 6|LINENO=  55|OWNERPARTID=   0|OWNERINDEX=   2|LOCATIONCOUNT=2|X1=1260|X2=1260|Y1=60|Y2=50|
RECORD= 4|LINENO=  56|OWNERPARTID=   0|OWNERINDEX=   2|FONTID=2|LOCATION.X=1290|LOCATION.Y=50|TEXT==SCH_Rev|
RECORD= 6|LINENO=  57|OWNERPARTID=   0|OWNERINDEX=   2|LOCATIONCOUNT=2|X1=1160|X2=1310|Y1=70|Y2=70|
RECORD= 4|LINENO=  58|OWNERPARTID=   0|OWNERINDEX=   2|FONTID=2|LOCATION.X=1163|LOCATION.Y=60|TEXT=TID #:|
RECORD= 4|LINENO=  59|OWNERPARTID=   0|OWNERINDEX=   2|FONTID=2|JUSTIFICATION=3|LOCATION.X=1210|LOCATION.Y=65|TEXT==TID|
RECORD= 6|LINENO=  60|OWNERPARTID=   0|OWNERINDEX=   2|LOCATIONCOUNT=2|X1=1160|X2=1310|Y1=80|Y2=80|
RECORD= 4|LINENO=  61|OWNERPARTID=   0|OWNERINDEX=   2|FONTID=2|LOCATION.X=1163|LOCATION.Y=70|TEXT=Orderable:|
RECORD= 4|LINENO=  62|OWNERPARTID=   0|OWNERINDEX=   2|FONTID=2|JUSTIFICATION=3|LOCATION.X=1210|LOCATION.Y=75|TEXT==EVM_orderable|
RECORD=41|LINENO=  63|OWNERPARTID=   0|OWNERINDEX= -42|FONTID=2|ISHIDDEN=T|NAME=ConfigurationParameters|UNIQUEID=JASRDAQG|
RECORD=41|LINENO=  64|OWNERPARTID=   0|OWNERINDEX= -42|FONTID=2|ISHIDDEN=T|NAME=ConfiguratorName|UNIQUEID=NIBHFUTJ|
RECORD=41|LINENO=  65|OWNERPARTID=   0|OWNERINDEX= -42|FONTID=2|ISHIDDEN=T|NAME=VersionControl_RevNumber|UNIQUEID=MJVSIKKE|
RECORD=41|LINENO=  66|OWNERPARTID=   0|OWNERINDEX= -42|FONTID=2|ISHIDDEN=T|NAME=IsUserConfigurable|UNIQUEID=TBEVNQIY|
RECORD=41|LINENO=  67|OWNERPARTID=   0|OWNERINDEX= -42|FONTID=1|ISHIDDEN=T|NAME=CurrentTime|TEXT=Not shown in title block|UNIQUEID=QTVSOTXX|
RECORD=41|LINENO=  68|OWNERPARTID=   0|OWNERINDEX= -42|FONTID=1|ISHIDDEN=T|NAME=CurrentDate|TEXT=Not shown in title block|UNIQUEID=WYBOLPFT|
RECORD=41|LINENO=  69|OWNERPARTID=   0|OWNERINDEX= -42|FONTID=1|ISHIDDEN=T|NAME=Time|TEXT=Not shown in title block|UNIQUEID=XOUKEDDV|
RECORD=41|LINENO=  70|OWNERPARTID=   0|OWNERINDEX= -42|FONTID=1|ISHIDDEN=T|NAME=Date|TEXT=Not shown in title block|UNIQUEID=OMSVGTQB|
RECORD=41|LINENO=  71|OWNERPARTID=   0|OWNERINDEX= -42|FONTID=1|ISHIDDEN=T|NAME=DocumentFullPathAndName|TEXT=Not shown in title block|UNIQUEID=VPDMQMFH|
RECORD=41|LINENO=  72|OWNERPARTID=   0|OWNERINDEX= -42|FONTID=1|ISHIDDEN=T|NAME=DocumentName|TEXT=Not shown in title block|UNIQUEID=PJNYXAXU|
RECORD=41|LINENO=  73|OWNERPARTID=   0|OWNERINDEX= -42|FONTID=1|ISHIDDEN=T|NAME=ModifiedDate|TEXT=Not shown in title block|UNIQUEID=TTBRXDQF|
RECORD=41|LINENO=  74|OWNERPARTID=   0|OWNERINDEX= -42|FONTID=1|ISHIDDEN=T|NAME=ApprovedBy|TEXT=Not shown in title block|UNIQUEID=NDPULEUV|
RECORD=41|LINENO=  75|OWNERPARTID=   0|OWNERINDEX= -42|FONTID=1|ISHIDDEN=T|NAME=CheckedBy|TEXT=Not shown in title block|UNIQUEID=OEYILMAX|
RECORD=41|LINENO=  76|OWNERPARTID=   0|OWNERINDEX= -42|FONTID=1|ISHIDDEN=T|NAME=Author|TEXT=Not shown in title block|UNIQUEID=MVMFNAQE|
RECORD=41|LINENO=  77|OWNERPARTID=   0|OWNERINDEX= -42|FONTID=1|ISHIDDEN=T|NAME=CompanyName|TEXT=Not shown in title block|UNIQUEID=RPRLSTCX|
RECORD=41|LINENO=  78|OWNERPARTID=   0|OWNERINDEX= -42|FONTID=1|ISHIDDEN=T|NAME=DrawnBy|TEXT=Adrian Ozer|UNIQUEID=QJXIMQTY|
RECORD=41|LINENO=  79|OWNERPARTID=   0|OWNERINDEX= -42|FONTID=1|ISHIDDEN=T|NAME=Engineer|TEXT=Not shown in title block|UNIQUEID=KXLQEDCV|
RECORD=41|LINENO=  80|OWNERPARTID=   0|OWNERINDEX= -42|FONTID=1|ISHIDDEN=T|NAME=Organization|TEXT=Not shown in title block|UNIQUEID=EXMFRAIP|
RECORD=41|LINENO=  81|OWNERPARTID=   0|OWNERINDEX= -42|FONTID=1|ISHIDDEN=T|NAME=Address1|TEXT=Not shown in title block|UNIQUEID=TOEAOIWM|
RECORD=41|LINENO=  82|OWNERPARTID=   0|OWNERINDEX= -42|FONTID=1|ISHIDDEN=T|NAME=Address2|TEXT=Not shown in title block|UNIQUEID=RNIWJGWP|
RECORD=41|LINENO=  83|OWNERPARTID=   0|OWNERINDEX= -42|FONTID=1|ISHIDDEN=T|NAME=Address3|TEXT=Not shown in title block|UNIQUEID=FXSYBDDS|
RECORD=41|LINENO=  84|OWNERPARTID=   0|OWNERINDEX= -42|FONTID=1|ISHIDDEN=T|NAME=Address4|TEXT=Not shown in title block|UNIQUEID=DISIIHHI|
RECORD=41|LINENO=  85|OWNERPARTID=   0|OWNERINDEX= -42|FONTID=1|ISHIDDEN=T|NAME=Title|UNIQUEID=IUBMNOLI|
RECORD=41|LINENO=  86|OWNERPARTID=   0|OWNERINDEX= -42|FONTID=1|ISHIDDEN=T|NAME=DocumentNumber|PARAMTYPE=2|TEXT=1|UNIQUEID=IDBIOBYG|
RECORD=41|LINENO=  87|OWNERPARTID=   0|OWNERINDEX= -42|FONTID=1|ISHIDDEN=T|NAME=Revision|TEXT=Use project parameter SCH_Rev|UNIQUEID=JWHTNQSC|
RECORD=41|LINENO=  88|OWNERPARTID=   0|OWNERINDEX= -42|FONTID=1|ISHIDDEN=T|NAME=SheetNumber|PARAMTYPE=2|TEXT=1|UNIQUEID=QVDNACHP|
RECORD=41|LINENO=  89|OWNERPARTID=   0|OWNERINDEX= -42|FONTID=1|ISHIDDEN=T|NAME=SheetTotal|PARAMTYPE=2|TEXT=16|UNIQUEID=BDCGTODN|
RECORD=41|LINENO=  90|OWNERPARTID=   0|OWNERINDEX= -42|FONTID=1|ISHIDDEN=T|NAME=ImagePath|TEXT=Not shown in title block|UNIQUEID=MUYWIVXH|
RECORD=41|LINENO=  91|OWNERPARTID=   0|OWNERINDEX= -42|FONTID=1|ISHIDDEN=T|NAME=Rule|TEXT=*|UNIQUEID=HITBYBYG|
RECORD=41|LINENO=  92|OWNERPARTID=   0|OWNERINDEX= -42|%UTF8%TEXT=Record=PageOptionsÂ¦CenterHorizontal=TrueÂ¦CenterVertical=TrueÂ¦PrintScale=1.00Â¦XCorrection=1.00Â¦YCorrection=1.00Â¦PrintKind=0Â¦BorderSize=5000000Â¦LeftOffset=0Â¦BottomOffset=0Â¦Orientation=2Â¦PaperLength=1000Â¦PaperWidth=1000Â¦Scale=100Â¦PaperSource=15Â¦PrintQuality=600Â¦MediaType=1Â¦DitherType=10Â¦PaperKind=LetterÂ¦PrintScaleMode=1|FONTID=1|ISHIDDEN=T|NAME=PageSetup|TEXT=Record=PageOptionsŽCenterHorizontal=TrueŽCenterVertical=TrueŽPrintScale=1.00ŽXCorrection=1.00ŽYCorrection=1.00ŽPrintKind=0ŽBorderSize=5000000ŽLeftOffset=0ŽBottomOffset=0ŽOrientation=2ŽPaperLength=1000ŽPaperWidth=1000ŽScale=100ŽPaperSource=15ŽPrintQuality=600ŽMediaType=1ŽDitherType=10ŽPaperKind=LetterŽPrintScaleMode=1|UNIQUEID=WBKTLLOR|
RECORD=41|LINENO=  93|OWNERPARTID=   0|OWNERINDEX= -42|FONTID=1|ISHIDDEN=T|NAME=ProjectName|TEXT=*|UNIQUEID=DFQNJMPP|
RECORD=41|LINENO=  94|OWNERPARTID=   0|OWNERINDEX= -42|FONTID=1|ISHIDDEN=T|NAME=Application_BuildNumber|TEXT=*|UNIQUEID=XUEFFWJP|
RECORD= 4|LINENO=  95|OWNERPARTID=   0|OWNERINDEX= -42|FONTID=6|JUSTIFICATION=4|LOCATION.X=1385|LOCATION.Y=1070|TEXT=Revision History|
RECORD= 4|LINENO=  96|OWNERPARTID=   0|OWNERINDEX= -42|FONTID=2|JUSTIFICATION=4|LOCATION.X=1185|LOCATION.Y=1050|TEXT=Rev|
RECORD= 4|LINENO=  97|OWNERPARTID=   0|OWNERINDEX= -42|FONTID=2|JUSTIFICATION=4|LOCATION.X=1580|LOCATION.Y=1050|TEXT=Notes|
RECORD= 6|LINENO=  98|OWNERPARTID=   0|OWNERINDEX= -42|LINEWIDTH=1|LOCATIONCOUNT=2|X1=1400|X2=1400|Y1=1040|Y2=1020|
RECORD= 6|LINENO=  99|OWNERPARTID=   0|OWNERINDEX= -42|LINEWIDTH=1|LOCATIONCOUNT=2|X1=1320|X2=1320|Y1=1040|Y2=1020|
RECORD= 6|LINENO= 100|OWNERPARTID=   0|OWNERINDEX= -42|LINEWIDTH=1|LOCATIONCOUNT=2|X1=1170|X2=1680|Y1=1060|Y2=1060|
RECORD= 6|LINENO= 101|OWNERPARTID=   0|OWNERINDEX= -42|LINEWIDTH=1|LOCATIONCOUNT=2|X1=1680|X2=1170|Y1=1040|Y2=1040|
RECORD= 6|LINENO= 102|OWNERPARTID=   0|OWNERINDEX= -42|LINEWIDTH=1|LOCATIONCOUNT=2|X1=1170|X2=1680|Y1=1080|Y2=1080|
RECORD= 4|LINENO= 103|OWNERPARTID=   0|OWNERINDEX= -42|FONTID=2|JUSTIFICATION=4|LOCATION.X=1360|LOCATION.Y=1050|TEXT=Approved by|
RECORD= 4|LINENO= 104|OWNERPARTID=   0|OWNERINDEX= -42|FONTID=2|JUSTIFICATION=4|LOCATION.X=1225|LOCATION.Y=1050|TEXT=ECN #|
RECORD= 4|LINENO= 105|OWNERPARTID=   0|OWNERINDEX= -42|FONTID=2|JUSTIFICATION=4|LOCATION.X=1285|LOCATION.Y=1050|TEXT=Approved Date|
RECORD= 6|LINENO= 106|OWNERPARTID=   0|OWNERINDEX= -42|LINEWIDTH=1|LOCATIONCOUNT=2|X1=1680|X2=1680|Y1=1040|Y2=1020|
RECORD= 6|LINENO= 107|OWNERPARTID=   0|OWNERINDEX= -42|LINEWIDTH=1|LOCATIONCOUNT=2|X1=1250|X2=1250|Y1=1040|Y2=1020|
RECORD= 6|LINENO= 108|OWNERPARTID=   0|OWNERINDEX= -42|LINEWIDTH=1|LOCATIONCOUNT=2|X1=1200|X2=1200|Y1=1040|Y2=1020|
RECORD= 6|LINENO= 109|OWNERPARTID=   0|OWNERINDEX= -42|LINEWIDTH=1|LOCATIONCOUNT=2|X1=1170|X2=1170|Y1=1040|Y2=1020|
RECORD= 4|LINENO= 110|OWNERPARTID=   0|OWNERINDEX= -42|FONTID=2|JUSTIFICATION=4|LOCATION.X=1185|LOCATION.Y=1030|TEXT=B|
RECORD= 4|LINENO= 111|OWNERPARTID=   0|OWNERINDEX= -42|FONTID=2|JUSTIFICATION=4|LOCATION.X=1225|LOCATION.Y=1030|TEXT=1|
RECORD= 4|LINENO= 112|OWNERPARTID=   0|OWNERINDEX= -42|FONTID=2|JUSTIFICATION=4|LOCATION.X=1285|LOCATION.Y=1030|TEXT=5/28/2020|
RECORD= 4|LINENO= 113|OWNERPARTID=   0|OWNERINDEX= -42|FONTID=2|JUSTIFICATION=4|LOCATION.X=1360|LOCATION.Y=1030|TEXT=Adrian Ozer|
RECORD= 4|LINENO= 114|OWNERPARTID=   0|OWNERINDEX= -42|FONTID=2|JUSTIFICATION=4|LOCATION.X=1540|LOCATION.Y=1030|TEXT=Updated C56 from 0.22uF to 47nF|
RECORD= 6|LINENO= 115|OWNERPARTID=   0|OWNERINDEX= -42|LINEWIDTH=1|LOCATIONCOUNT=2|X1=1680|X2=1680|Y1=1080|Y2=1060|
RECORD= 6|LINENO= 116|OWNERPARTID=   0|OWNERINDEX= -42|LINEWIDTH=1|LOCATIONCOUNT=2|X1=1680|X2=1680|Y1=1060|Y2=1040|
RECORD= 6|LINENO= 117|OWNERPARTID=   0|OWNERINDEX= -42|LINEWIDTH=1|LOCATIONCOUNT=2|X1=1170|X2=1170|Y1=1080|Y2=1060|
RECORD= 6|LINENO= 118|OWNERPARTID=   0|OWNERINDEX= -42|LINEWIDTH=1|LOCATIONCOUNT=2|X1=1170|X2=1170|Y1=1060|Y2=1040|
RECORD= 6|LINENO= 119|OWNERPARTID=   0|OWNERINDEX= -42|LINEWIDTH=1|LOCATIONCOUNT=2|X1=1200|X2=1200|Y1=1060|Y2=1040|
RECORD= 6|LINENO= 120|OWNERPARTID=   0|OWNERINDEX= -42|LINEWIDTH=1|LOCATIONCOUNT=2|X1=1250|X2=1250|Y1=1060|Y2=1040|
RECORD= 6|LINENO= 121|OWNERPARTID=   0|OWNERINDEX= -42|LINEWIDTH=1|LOCATIONCOUNT=2|X1=1320|X2=1320|Y1=1060|Y2=1040|
RECORD= 6|LINENO= 122|OWNERPARTID=   0|OWNERINDEX= -42|LINEWIDTH=1|LOCATIONCOUNT=2|X1=1400|X2=1400|Y1=1060|Y2=1040|
RECORD= 6|LINENO= 123|OWNERPARTID=   0|OWNERINDEX= -42|LINEWIDTH=1|LOCATIONCOUNT=2|X1=1170|X2=1680|Y1=1020|Y2=1020|
RECORD=41|LINENO= 124|OWNERPARTID=   0|OWNERINDEX= -42|FONTID=1|ISHIDDEN=T|NAME=VersionControl_ProjFolderRevNumber|UNIQUEID=NMDPBIPN|
RECORD= 4|LINENO= 125|OWNERPARTID=   0|OWNERINDEX= -42|FONTID=5|LOCATION.X=760|LOCATION.Y=1040|TEXT=BLOCK DIAGRAM|
RECORD= 4|LINENO= 126|OWNERPARTID=   0|OWNERINDEX= -42|FONTID=7|JUSTIFICATION=4|LOCATION.X=80|LOCATION.Y=710|TEXT=SHEET NO.|
RECORD= 4|LINENO= 127|OWNERPARTID=   0|OWNERINDEX= -42|FONTID=2|JUSTIFICATION=4|LOCATION.X=80|LOCATION.Y=690|TEXT=1|
RECORD= 6|LINENO= 128|OWNERPARTID=   0|OWNERINDEX= -42|LINEWIDTH=1|LOCATIONCOUNT=2|X1=120|X2=120|Y1=680|Y2=660|
RECORD= 6|LINENO= 129|OWNERPARTID=   0|OWNERINDEX= -42|LINEWIDTH=1|LOCATIONCOUNT=2|X1=40|X2=320|Y1=700|Y2=700|
RECORD= 6|LINENO= 130|OWNERPARTID=   0|OWNERINDEX= -42|LINEWIDTH=1|LOCATIONCOUNT=2|X1=320|X2=40|Y1=680|Y2=680|
RECORD= 6|LINENO= 131|OWNERPARTID=   0|OWNERINDEX= -42|LINEWIDTH=1|LOCATIONCOUNT=2|X1=40|X2=320|Y1=720|Y2=720|
RECORD= 6|LINENO= 132|OWNERPARTID=   0|OWNERINDEX= -42|LINEWIDTH=1|LOCATIONCOUNT=2|X1=320|X2=320|Y1=680|Y2=660|
RECORD= 6|LINENO= 133|OWNERPARTID=   0|OWNERINDEX= -42|LINEWIDTH=1|LOCATIONCOUNT=2|X1=40|X2=40|Y1=680|Y2=660|
RECORD= 4|LINENO= 134|OWNERPARTID=   0|OWNERINDEX= -42|FONTID=2|JUSTIFICATION=4|LOCATION.X=80|LOCATION.Y=670|TEXT=2|
RECORD= 6|LINENO= 135|OWNERPARTID=   0|OWNERINDEX= -42|LINEWIDTH=1|LOCATIONCOUNT=2|X1=320|X2=320|Y1=720|Y2=700|
RECORD= 6|LINENO= 136|OWNERPARTID=   0|OWNERINDEX= -42|LINEWIDTH=1|LOCATIONCOUNT=2|X1=320|X2=320|Y1=700|Y2=680|
RECORD= 6|LINENO= 137|OWNERPARTID=   0|OWNERINDEX= -42|LINEWIDTH=1|LOCATIONCOUNT=2|X1=40|X2=40|Y1=720|Y2=700|
RECORD= 6|LINENO= 138|OWNERPARTID=   0|OWNERINDEX= -42|LINEWIDTH=1|LOCATIONCOUNT=2|X1=40|X2=40|Y1=700|Y2=680|
RECORD= 6|LINENO= 139|OWNERPARTID=   0|OWNERINDEX= -42|LINEWIDTH=1|LOCATIONCOUNT=2|X1=120|X2=120|Y1=700|Y2=680|
RECORD= 6|LINENO= 140|OWNERPARTID=   0|OWNERINDEX= -42|LINEWIDTH=1|LOCATIONCOUNT=2|X1=40|X2=320|Y1=660|Y2=660|
RECORD= 4|LINENO= 141|OWNERPARTID=   0|OWNERINDEX= -42|FONTID=6|JUSTIFICATION=4|LOCATION.X=180|LOCATION.Y=740|TEXT=TABLE OF CONTENTS|
RECORD= 6|LINENO= 142|OWNERPARTID=   0|OWNERINDEX= -42|LINEWIDTH=1|LOCATIONCOUNT=2|X1=120|X2=120|Y1=720|Y2=700|
RECORD= 4|LINENO= 143|OWNERPARTID=   0|OWNERINDEX= -42|FONTID=7|JUSTIFICATION=4|LOCATION.X=220|LOCATION.Y=710|TEXT=SHEET NAME|
RECORD= 4|LINENO= 144|OWNERPARTID=   0|OWNERINDEX= -42|FONTID=7|JUSTIFICATION=4|LOCATION.X=220|LOCATION.Y=690|TEXT=PROC099B_CoverSheet|
RECORD= 6|LINENO= 145|OWNERPARTID=   0|OWNERINDEX= -42|LINEWIDTH=1|LOCATIONCOUNT=2|X1=120|X2=120|Y1=660|Y2=640|
RECORD= 6|LINENO= 146|OWNERPARTID=   0|OWNERINDEX= -42|LINEWIDTH=1|LOCATIONCOUNT=2|X1=320|X2=40|Y1=660|Y2=660|
RECORD= 6|LINENO= 147|OWNERPARTID=   0|OWNERINDEX= -42|LINEWIDTH=1|LOCATIONCOUNT=2|X1=320|X2=320|Y1=660|Y2=640|
RECORD= 6|LINENO= 148|OWNERPARTID=   0|OWNERINDEX= -42|LINEWIDTH=1|LOCATIONCOUNT=2|X1=40|X2=40|Y1=660|Y2=640|
RECORD= 4|LINENO= 149|OWNERPARTID=   0|OWNERINDEX= -42|FONTID=2|JUSTIFICATION=4|LOCATION.X=80|LOCATION.Y=650|TEXT=3|
RECORD= 6|LINENO= 150|OWNERPARTID=   0|OWNERINDEX= -42|LINEWIDTH=1|LOCATIONCOUNT=2|X1=40|X2=320|Y1=640|Y2=640|
RECORD= 6|LINENO= 151|OWNERPARTID=   0|OWNERINDEX= -42|LINEWIDTH=1|LOCATIONCOUNT=2|X1=120|X2=120|Y1=640|Y2=620|
RECORD= 6|LINENO= 152|OWNERPARTID=   0|OWNERINDEX= -42|LINEWIDTH=1|LOCATIONCOUNT=2|X1=320|X2=40|Y1=640|Y2=640|
RECORD= 6|LINENO= 153|OWNERPARTID=   0|OWNERINDEX= -42|LINEWIDTH=1|LOCATIONCOUNT=2|X1=320|X2=320|Y1=640|Y2=620|
RECORD= 6|LINENO= 154|OWNERPARTID=   0|OWNERINDEX= -42|LINEWIDTH=1|LOCATIONCOUNT=2|X1=40|X2=40|Y1=640|Y2=620|
RECORD= 4|LINENO= 155|OWNERPARTID=   0|OWNERINDEX= -42|FONTID=2|JUSTIFICATION=4|LOCATION.X=80|LOCATION.Y=630|TEXT=4|
RECORD= 6|LINENO= 156|OWNERPARTID=   0|OWNERINDEX= -42|LINEWIDTH=1|LOCATIONCOUNT=2|X1=40|X2=320|Y1=620|Y2=620|
RECORD= 6|LINENO= 157|OWNERPARTID=   0|OWNERINDEX= -42|LINEWIDTH=1|LOCATIONCOUNT=2|X1=120|X2=120|Y1=620|Y2=600|
RECORD= 6|LINENO= 158|OWNERPARTID=   0|OWNERINDEX= -42|LINEWIDTH=1|LOCATIONCOUNT=2|X1=320|X2=40|Y1=620|Y2=620|
RECORD= 6|LINENO= 159|OWNERPARTID=   0|OWNERINDEX= -42|LINEWIDTH=1|LOCATIONCOUNT=2|X1=320|X2=320|Y1=620|Y2=600|
RECORD= 6|LINENO= 160|OWNERPARTID=   0|OWNERINDEX= -42|LINEWIDTH=1|LOCATIONCOUNT=2|X1=40|X2=40|Y1=620|Y2=600|
RECORD= 4|LINENO= 161|OWNERPARTID=   0|OWNERINDEX= -42|FONTID=2|JUSTIFICATION=4|LOCATION.X=80|LOCATION.Y=610|TEXT=5|
RECORD= 6|LINENO= 162|OWNERPARTID=   0|OWNERINDEX= -42|LINEWIDTH=1|LOCATIONCOUNT=2|X1=40|X2=320|Y1=600|Y2=600|
RECORD= 6|LINENO= 163|OWNERPARTID=   0|OWNERINDEX= -42|LINEWIDTH=1|LOCATIONCOUNT=2|X1=120|X2=120|Y1=580|Y2=560|
RECORD= 6|LINENO= 164|OWNERPARTID=   0|OWNERINDEX= -42|LINEWIDTH=1|LOCATIONCOUNT=2|X1=320|X2=40|Y1=600|Y2=600|
RECORD= 6|LINENO= 165|OWNERPARTID=   0|OWNERINDEX= -42|LINEWIDTH=1|LOCATIONCOUNT=2|X1=320|X2=320|Y1=580|Y2=560|
RECORD= 6|LINENO= 166|OWNERPARTID=   0|OWNERINDEX= -42|LINEWIDTH=1|LOCATIONCOUNT=2|X1=40|X2=40|Y1=580|Y2=560|
RECORD= 4|LINENO= 167|OWNERPARTID=   0|OWNERINDEX= -42|FONTID=2|JUSTIFICATION=4|LOCATION.X=80|LOCATION.Y=570|TEXT=7|
RECORD= 6|LINENO= 168|OWNERPARTID=   0|OWNERINDEX= -42|LINEWIDTH=1|LOCATIONCOUNT=2|X1=40|X2=320|Y1=560|Y2=560|
RECORD= 6|LINENO= 169|OWNERPARTID=   0|OWNERINDEX= -42|LINEWIDTH=1|LOCATIONCOUNT=2|X1=120|X2=120|Y1=560|Y2=540|
RECORD= 6|LINENO= 170|OWNERPARTID=   0|OWNERINDEX= -42|LINEWIDTH=1|LOCATIONCOUNT=2|X1=320|X2=40|Y1=560|Y2=560|
RECORD= 6|LINENO= 171|OWNERPARTID=   0|OWNERINDEX= -42|LINEWIDTH=1|LOCATIONCOUNT=2|X1=320|X2=320|Y1=560|Y2=540|
RECORD= 6|LINENO= 172|OWNERPARTID=   0|OWNERINDEX= -42|LINEWIDTH=1|LOCATIONCOUNT=2|X1=40|X2=40|Y1=560|Y2=540|
RECORD= 4|LINENO= 173|OWNERPARTID=   0|OWNERINDEX= -42|FONTID=2|JUSTIFICATION=4|LOCATION.X=80|LOCATION.Y=550|TEXT=8|
RECORD= 6|LINENO= 174|OWNERPARTID=   0|OWNERINDEX= -42|LINEWIDTH=1|LOCATIONCOUNT=2|X1=40|X2=320|Y1=540|Y2=540|
RECORD= 6|LINENO= 175|OWNERPARTID=   0|OWNERINDEX= -42|LINEWIDTH=1|LOCATIONCOUNT=2|X1=120|X2=120|Y1=540|Y2=520|
RECORD= 6|LINENO= 176|OWNERPARTID=   0|OWNERINDEX= -42|LINEWIDTH=1|LOCATIONCOUNT=2|X1=320|X2=40|Y1=540|Y2=540|
RECORD= 6|LINENO= 177|OWNERPARTID=   0|OWNERINDEX= -42|LINEWIDTH=1|LOCATIONCOUNT=2|X1=320|X2=320|Y1=540|Y2=520|
RECORD= 6|LINENO= 178|OWNERPARTID=   0|OWNERINDEX= -42|LINEWIDTH=1|LOCATIONCOUNT=2|X1=40|X2=40|Y1=540|Y2=520|
RECORD= 4|LINENO= 179|OWNERPARTID=   0|OWNERINDEX= -42|FONTID=2|JUSTIFICATION=4|LOCATION.X=80|LOCATION.Y=530|TEXT=9|
RECORD= 6|LINENO= 180|OWNERPARTID=   0|OWNERINDEX= -42|LINEWIDTH=1|LOCATIONCOUNT=2|X1=40|X2=320|Y1=520|Y2=520|
RECORD= 6|LINENO= 181|OWNERPARTID=   0|OWNERINDEX= -42|LINEWIDTH=1|LOCATIONCOUNT=2|X1=120|X2=120|Y1=500|Y2=480|
RECORD= 6|LINENO= 182|OWNERPARTID=   0|OWNERINDEX= -42|LINEWIDTH=1|LOCATIONCOUNT=2|X1=320|X2=40|Y1=520|Y2=520|
RECORD= 6|LINENO= 183|OWNERPARTID=   0|OWNERINDEX= -42|LINEWIDTH=1|LOCATIONCOUNT=2|X1=320|X2=320|Y1=500|Y2=480|
RECORD= 6|LINENO= 184|OWNERPARTID=   0|OWNERINDEX= -42|LINEWIDTH=1|LOCATIONCOUNT=2|X1=40|X2=40|Y1=500|Y2=480|
RECORD= 4|LINENO= 185|OWNERPARTID=   0|OWNERINDEX= -42|FONTID=2|JUSTIFICATION=4|LOCATION.X=80|LOCATION.Y=490|TEXT=11|
RECORD= 6|LINENO= 186|OWNERPARTID=   0|OWNERINDEX= -42|LINEWIDTH=1|LOCATIONCOUNT=2|X1=40|X2=320|Y1=480|Y2=480|
RECORD= 6|LINENO= 187|OWNERPARTID=   0|OWNERINDEX= -42|LINEWIDTH=1|LOCATIONCOUNT=2|X1=120|X2=120|Y1=480|Y2=460|
RECORD= 6|LINENO= 188|OWNERPARTID=   0|OWNERINDEX= -42|LINEWIDTH=1|LOCATIONCOUNT=2|X1=320|X2=40|Y1=480|Y2=480|
RECORD= 6|LINENO= 189|OWNERPARTID=   0|OWNERINDEX= -42|LINEWIDTH=1|LOCATIONCOUNT=2|X1=320|X2=320|Y1=480|Y2=460|
RECORD= 6|LINENO= 190|OWNERPARTID=   0|OWNERINDEX= -42|LINEWIDTH=1|LOCATIONCOUNT=2|X1=40|X2=40|Y1=480|Y2=460|
RECORD= 4|LINENO= 191|OWNERPARTID=   0|OWNERINDEX= -42|FONTID=2|JUSTIFICATION=4|LOCATION.X=80|LOCATION.Y=470|TEXT=12|
RECORD= 6|LINENO= 192|OWNERPARTID=   0|OWNERINDEX= -42|LINEWIDTH=1|LOCATIONCOUNT=2|X1=40|X2=320|Y1=460|Y2=460|
RECORD= 6|LINENO= 193|OWNERPARTID=   0|OWNERINDEX= -42|LINEWIDTH=1|LOCATIONCOUNT=2|X1=120|X2=120|Y1=460|Y2=440|
RECORD= 6|LINENO= 194|OWNERPARTID=   0|OWNERINDEX= -42|LINEWIDTH=1|LOCATIONCOUNT=2|X1=320|X2=40|Y1=460|Y2=460|
RECORD= 6|LINENO= 195|OWNERPARTID=   0|OWNERINDEX= -42|LINEWIDTH=1|LOCATIONCOUNT=2|X1=320|X2=320|Y1=460|Y2=440|
RECORD= 6|LINENO= 196|OWNERPARTID=   0|OWNERINDEX= -42|LINEWIDTH=1|LOCATIONCOUNT=2|X1=40|X2=40|Y1=460|Y2=440|
RECORD= 4|LINENO= 197|OWNERPARTID=   0|OWNERINDEX= -42|FONTID=2|JUSTIFICATION=4|LOCATION.X=80|LOCATION.Y=450|TEXT=13|
RECORD= 6|LINENO= 198|OWNERPARTID=   0|OWNERINDEX= -42|LINEWIDTH=1|LOCATIONCOUNT=2|X1=40|X2=320|Y1=440|Y2=440|
RECORD= 6|LINENO= 199|OWNERPARTID=   0|OWNERINDEX= -42|LINEWIDTH=1|LOCATIONCOUNT=2|X1=120|X2=120|Y1=440|Y2=420|
RECORD= 6|LINENO= 200|OWNERPARTID=   0|OWNERINDEX= -42|LINEWIDTH=1|LOCATIONCOUNT=2|X1=320|X2=40|Y1=440|Y2=440|
RECORD= 6|LINENO= 201|OWNERPARTID=   0|OWNERINDEX= -42|LINEWIDTH=1|LOCATIONCOUNT=2|X1=320|X2=320|Y1=440|Y2=420|
RECORD= 6|LINENO= 202|OWNERPARTID=   0|OWNERINDEX= -42|LINEWIDTH=1|LOCATIONCOUNT=2|X1=40|X2=40|Y1=440|Y2=420|
RECORD= 4|LINENO= 203|OWNERPARTID=   0|OWNERINDEX= -42|FONTID=2|JUSTIFICATION=4|LOCATION.X=80|LOCATION.Y=430|TEXT=14|
RECORD= 6|LINENO= 204|OWNERPARTID=   0|OWNERINDEX= -42|LINEWIDTH=1|LOCATIONCOUNT=2|X1=40|X2=320|Y1=420|Y2=420|
RECORD= 6|LINENO= 205|OWNERPARTID=   0|OWNERINDEX= -42|LINEWIDTH=1|LOCATIONCOUNT=2|X1=120|X2=120|Y1=420|Y2=400|
RECORD= 6|LINENO= 206|OWNERPARTID=   0|OWNERINDEX= -42|LINEWIDTH=1|LOCATIONCOUNT=2|X1=320|X2=40|Y1=420|Y2=420|
RECORD= 6|LINENO= 207|OWNERPARTID=   0|OWNERINDEX= -42|LINEWIDTH=1|LOCATIONCOUNT=2|X1=320|X2=320|Y1=420|Y2=400|
RECORD= 6|LINENO= 208|OWNERPARTID=   0|OWNERINDEX= -42|LINEWIDTH=1|LOCATIONCOUNT=2|X1=40|X2=40|Y1=420|Y2=400|
RECORD= 4|LINENO= 209|OWNERPARTID=   0|OWNERINDEX= -42|FONTID=2|JUSTIFICATION=4|LOCATION.X=80|LOCATION.Y=410|TEXT=15|
RECORD= 6|LINENO= 210|OWNERPARTID=   0|OWNERINDEX= -42|LINEWIDTH=1|LOCATIONCOUNT=2|X1=40|X2=320|Y1=400|Y2=400|
RECORD= 6|LINENO= 211|OWNERPARTID=   0|OWNERINDEX= -42|LINEWIDTH=1|LOCATIONCOUNT=2|X1=320|X2=40|Y1=400|Y2=400|
RECORD= 4|LINENO= 212|OWNERPARTID=   0|OWNERINDEX= -42|FONTID=2|JUSTIFICATION=4|LOCATION.X=80|LOCATION.Y=390|TEXT=16|
RECORD= 6|LINENO= 213|OWNERPARTID=   0|OWNERINDEX= -42|LINEWIDTH=1|LOCATIONCOUNT=2|X1=120|X2=120|Y1=400|Y2=380|
RECORD= 6|LINENO= 214|OWNERPARTID=   0|OWNERINDEX= -42|LINEWIDTH=1|LOCATIONCOUNT=2|X1=320|X2=320|Y1=400|Y2=380|
RECORD= 6|LINENO= 215|OWNERPARTID=   0|OWNERINDEX= -42|LINEWIDTH=1|LOCATIONCOUNT=2|X1=40|X2=40|Y1=400|Y2=380|
RECORD= 6|LINENO= 216|OWNERPARTID=   0|OWNERINDEX= -42|LINEWIDTH=1|LOCATIONCOUNT=2|X1=320|X2=40|Y1=380|Y2=380|
RECORD= 4|LINENO= 217|OWNERPARTID=   0|OWNERINDEX= -42|FONTID=7|JUSTIFICATION=4|LOCATION.X=220|LOCATION.Y=670|TEXT=PROC099B_DUT|
RECORD= 4|LINENO= 218|OWNERPARTID=   0|OWNERINDEX= -42|FONTID=7|JUSTIFICATION=4|LOCATION.X=220|LOCATION.Y=650|TEXT=PROC099B_DECOUPLING_CAPS|
RECORD= 4|LINENO= 219|OWNERPARTID=   0|OWNERINDEX= -42|FONTID=7|JUSTIFICATION=4|LOCATION.X=220|LOCATION.Y=550|TEXT=PROC099B_Pwr_RST_LEDs|
RECORD= 4|LINENO= 220|OWNERPARTID=   0|OWNERINDEX= -42|FONTID=7|JUSTIFICATION=4|LOCATION.X=220|LOCATION.Y=630|TEXT=PROC099B_PMIC|
RECORD= 4|LINENO= 221|OWNERPARTID=   0|OWNERINDEX= -42|FONTID=7|JUSTIFICATION=4|LOCATION.X=220|LOCATION.Y=530|TEXT=PROC099B_LDO|
RECORD= 4|LINENO= 222|OWNERPARTID=   0|OWNERINDEX= -42|FONTID=7|JUSTIFICATION=4|LOCATION.X=220|LOCATION.Y=510|TEXT=PROC099B_HD_Connector|
RECORD= 4|LINENO= 223|OWNERPARTID=   0|OWNERINDEX= -42|FONTID=7|JUSTIFICATION=4|LOCATION.X=220|LOCATION.Y=490|TEXT=PROC099B_LP_Connector|
RECORD= 4|LINENO= 224|OWNERPARTID=   0|OWNERINDEX= -42|FONTID=7|JUSTIFICATION=4|LOCATION.X=220|LOCATION.Y=470|TEXT=PROC099B_XDS110_Interface_1A|
RECORD= 4|LINENO= 225|OWNERPARTID=   0|OWNERINDEX= -42|FONTID=7|JUSTIFICATION=4|LOCATION.X=220|LOCATION.Y=450|TEXT=PROC099B_XDS110_Interface_1B|
RECORD= 4|LINENO= 226|OWNERPARTID=   0|OWNERINDEX= -42|FONTID=7|JUSTIFICATION=4|LOCATION.X=210|LOCATION.Y=570|TEXT=PROC099B_QSPI_Flash|
RECORD= 4|LINENO= 227|OWNERPARTID=   0|OWNERINDEX= -42|FONTID=7|JUSTIFICATION=4|LOCATION.X=220|LOCATION.Y=430|TEXT=PROC099B_CAN_Interface|
RECORD= 4|LINENO= 228|OWNERPARTID=   0|OWNERINDEX= -42|FONTID=7|JUSTIFICATION=4|LOCATION.X=220|LOCATION.Y=410|TEXT=PROC099B_Tempsensor|
RECORD= 4|LINENO= 229|OWNERPARTID=   0|OWNERINDEX= -42|FONTID=7|JUSTIFICATION=4|LOCATION.X=220|LOCATION.Y=390|TEXT=PROC099B_Hardware|
RECORD= 6|LINENO= 230|OWNERPARTID=   0|OWNERINDEX= -42|LINEWIDTH=1|LOCATIONCOUNT=2|X1=1680|X2=1170|Y1=1020|Y2=1020|
RECORD= 6|LINENO= 231|OWNERPARTID=   0|OWNERINDEX= -42|LINEWIDTH=1|LOCATIONCOUNT=2|X1=1680|X2=1680|Y1=1020|Y2=1000|
RECORD= 6|LINENO= 232|OWNERPARTID=   0|OWNERINDEX= -42|LINEWIDTH=1|LOCATIONCOUNT=2|X1=1720|X2=1720|Y1=880|Y2=860|
RECORD= 6|LINENO= 233|OWNERPARTID=   0|OWNERINDEX= -42|LINEWIDTH=1|LOCATIONCOUNT=2|X1=320|X2=40|Y1=580|Y2=580|
RECORD= 6|LINENO= 234|OWNERPARTID=   0|OWNERINDEX= -42|LINEWIDTH=1|LOCATIONCOUNT=2|X1=320|X2=320|Y1=600|Y2=580|
RECORD= 6|LINENO= 235|OWNERPARTID=   0|OWNERINDEX= -42|LINEWIDTH=1|LOCATIONCOUNT=2|X1=120|X2=120|Y1=600|Y2=580|
RECORD= 6|LINENO= 236|OWNERPARTID=   0|OWNERINDEX= -42|LINEWIDTH=1|LOCATIONCOUNT=2|X1=40|X2=40|Y1=600|Y2=580|
RECORD= 4|LINENO= 237|OWNERPARTID=   0|OWNERINDEX= -42|FONTID=7|JUSTIFICATION=4|LOCATION.X=220|LOCATION.Y=610|TEXT=PROC099B_LC_FILTERING|
RECORD= 4|LINENO= 238|OWNERPARTID=   0|OWNERINDEX= -42|FONTID=2|JUSTIFICATION=4|LOCATION.X=80|LOCATION.Y=590|TEXT=6|
RECORD= 6|LINENO= 239|OWNERPARTID=   0|OWNERINDEX= -42|LINEWIDTH=1|LOCATIONCOUNT=2|X1=320|X2=40|Y1=500|Y2=500|
RECORD= 6|LINENO= 240|OWNERPARTID=   0|OWNERINDEX= -42|LINEWIDTH=1|LOCATIONCOUNT=2|X1=120|X2=120|Y1=520|Y2=500|
RECORD= 6|LINENO= 241|OWNERPARTID=   0|OWNERINDEX= -42|LINEWIDTH=1|LOCATIONCOUNT=2|X1=40|X2=40|Y1=520|Y2=500|
RECORD= 6|LINENO= 242|OWNERPARTID=   0|OWNERINDEX= -42|LINEWIDTH=1|LOCATIONCOUNT=2|X1=320|X2=320|Y1=520|Y2=490|
RECORD= 4|LINENO= 243|OWNERPARTID=   0|OWNERINDEX= -42|FONTID=7|JUSTIFICATION=4|LOCATION.X=220|LOCATION.Y=590|TEXT=PROC099B_SOP_HEADERS|
RECORD= 4|LINENO= 244|OWNERPARTID=   0|OWNERINDEX= -42|FONTID=2|JUSTIFICATION=4|LOCATION.X=80|LOCATION.Y=510|TEXT=10|
RECORD=30|LINENO= 245|OWNERPARTID=   0|OWNERINDEX= -42|CORNER.X=1475|CORNER.X_FRAC=18283|CORNER.Y=794|CORNER.Y_FRAC=64566|EMBEDIMAGE=T|FILENAME=C:\Users\a0227290\Desktop\mmWave\EVMS\AWR2243BOOST_RevA\Rev A\PROC099A_Block Diagram.png|KEEPASPECT=T|LOCATION.X=410|LOCATION.Y=190|
RECORD= 6|LINENO= 246|OWNERPARTID=   0|OWNERINDEX= -42|LINEWIDTH=1|LOCATIONCOUNT=2|X1=1680|X2=1170|Y1=1000|Y2=1000|
RECORD= 6|LINENO= 247|OWNERPARTID=   0|OWNERINDEX= -42|LINEWIDTH=1|LOCATIONCOUNT=2|X1=1170|X2=1170|Y1=1020|Y2=1000|
RECORD= 6|LINENO= 248|OWNERPARTID=   0|OWNERINDEX= -42|LINEWIDTH=1|LOCATIONCOUNT=2|X1=1200|X2=1200|Y1=1020|Y2=1000|
RECORD= 6|LINENO= 249|OWNERPARTID=   0|OWNERINDEX= -42|LINEWIDTH=1|LOCATIONCOUNT=2|X1=1250|X2=1250|Y1=1020|Y2=1000|
RECORD= 6|LINENO= 250|OWNERPARTID=   0|OWNERINDEX= -42|LINEWIDTH=1|LOCATIONCOUNT=2|X1=1320|X2=1320|Y1=1020|Y2=1000|
RECORD= 6|LINENO= 251|OWNERPARTID=   0|OWNERINDEX= -42|LINEWIDTH=1|LOCATIONCOUNT=2|X1=1400|X2=1400|Y1=1020|Y2=1000|
RECORD= 4|LINENO= 252|OWNERPARTID=   0|OWNERINDEX= -42|FONTID=2|JUSTIFICATION=4|LOCATION.X=1360|LOCATION.Y=1010|TEXT=Adrian Ozer|
RECORD= 4|LINENO= 253|OWNERPARTID=   0|OWNERINDEX= -42|FONTID=2|JUSTIFICATION=4|LOCATION.X=1285|LOCATION.Y=1010|TEXT=8/17/2020|
RECORD= 4|LINENO= 254|OWNERPARTID=   0|OWNERINDEX= -42|FONTID=2|JUSTIFICATION=4|LOCATION.X=1225|LOCATION.Y=1010|TEXT=2|
RECORD= 4|LINENO= 255|OWNERPARTID=   0|OWNERINDEX= -42|FONTID=2|JUSTIFICATION=4|LOCATION.X=1185|LOCATION.Y=1010|TEXT=B|
RECORD= 4|LINENO= 256|OWNERPARTID=   0|OWNERINDEX= -42|FONTID=2|JUSTIFICATION=4|LOCATION.X=1540|LOCATION.Y=1010|TEXT=Updated AWR2243 Part Number to AWR2243APBGABLQ1|
